<?xml version="1.0" encoding="UTF-8"?>
<testsuite xmlns:xsi="http://www.w3.org/2001/XMLSchema-instance" xsi:noNamespaceSchemaLocation="https://maven.apache.org/surefire/maven-failsafe-plugin/xsd/failsafe-test-report.xsd" name="vrBank.api.tests.Negative.ApiDefaultPayWithEmptyPan" time="28.302" tests="1" errors="0" skipped="0" failures="1">
  <properties>
[...]
</properties>
  <testcase name="apiDefaultPayWithEmptyPan" classname="vrBank.api.tests.Negative.ApiDefaultPayWithEmptyPan" time="28.302">
    <failure message="1 expectation failed.&#10;XML path response[0].response_code doesn&apos;t match.&#10;Expected: A101&#10;  Actual: &#10;" type="java.lang.AssertionError">java.lang.AssertionError: 
1 expectation failed.
XML path response[0].response_code doesn't match.
Expected: A101
  Actual: 

	at vrBank.api.tests.Negative.ApiDefaultPayWithEmptyPan.apiDefaultPayWithEmptyPan(ApiDefaultPayWithEmptyPan.java:28)
</failure>
    <system-out><![CDATA[Request method:	POST
Request URI:	https://gw.acqp.co
Proxy:			<none>
Request params:	opcode=0
				product_id=4870
				amount=5
				cf=00455281-36ff-4b95-bc30-cf183bce5149
				ip_address=127.0.0.1
				pan=
				cardholder=Card Holder
				exp_month=12
				exp_year=2021
				cvv=123
				token=394a427ba2c07442e44c27bdf331dec9
				product_name=TestProduct
				user_rebill_approved=1
Query params:	<none>
Form params:	<none>
Path params:	<none>
Multiparts:		<none>
Headers:		Accept=*/*
				Content-Type=application/x-www-form-urlencoded; charset=ISO-8859-1
Cookies:		<none>
Body:			<none>
]]></system-out>
    <system-err><![CDATA[[pool-1-thread-12] INFO net.serenitybdd.core.Serenity - Test Suite Started: Api default pay with empty pan
[pool-1-thread-12] INFO net.serenitybdd.core.Serenity - 
 _____ _____ ____ _____   ____ _____  _    ____ _____ _____ ____  
|_   _| ____/ ___|_   _| / ___|_   _|/ \  |  _ \_   _| ____|  _ \ 
  | | |  _| \___ \ | |   \___ \ | | / _ \ | |_) || | |  _| | | | |
  | | | |___ ___) || |    ___) || |/ ___ \|  _ < | | | |___| |_| |
  |_| |_____|____/ |_|   |____/ |_/_/   \_\_| \_\|_| |_____|____/ 
                                                                  

TEST STARTED: apiDefaultPayWithEmptyPan
-------------------------------------------------------------------
[pool-1-thread-12] INFO net.serenitybdd.core.Serenity - TEST NUMBER: 12
]]></system-err>
  </testcase>
</testsuite>