-------------------------------------------------------------------------------
Test set: vrBank.api.tests.Negative.ApiDefaultPayWithEmptyPan
-------------------------------------------------------------------------------
Tests run: 1, Failures: 1, Errors: 0, Skipped: 0, Time elapsed: 28.302 s <<< FAILURE! - in vrBank.api.tests.Negative.ApiDefaultPayWithEmptyPan
apiDefaultPayWithEmptyPan(vrBank.api.tests.Negative.ApiDefaultPayWithEmptyPan)  Time elapsed: 28.302 s  <<< FAILURE!
java.lang.AssertionError: 
1 expectation failed.
XML path response[0].response_code doesn't match.
Expected: A101
  Actual: 

	at vrBank.api.tests.Negative.ApiDefaultPayWithEmptyPan.apiDefaultPayWithEmptyPan(ApiDefaultPayWithEmptyPan.java:28)

