-------------------------------------------------------------------------------
Test set: vrBank.api.tests.Negative.ApiDefaultPayWithInvalidPan
-------------------------------------------------------------------------------
Tests run: 1, Failures: 1, Errors: 0, Skipped: 0, Time elapsed: 28.29 s <<< FAILURE! - in vrBank.api.tests.Negative.ApiDefaultPayWithInvalidPan
apiDefaultPayWithInvalidPan(vrBank.api.tests.Negative.ApiDefaultPayWithInvalidPan)  Time elapsed: 28.29 s  <<< FAILURE!
java.lang.AssertionError: 
1 expectation failed.
XML path response[0].response_code doesn't match.
Expected: A101
  Actual: 

	at vrBank.api.tests.Negative.ApiDefaultPayWithInvalidPan.apiDefaultPayWithInvalidPan(ApiDefaultPayWithInvalidPan.java:28)

