-------------------------------------------------------------------------------
Test set: vrBank.api.tests.Positive.ApiDefaultPositivePayment
-------------------------------------------------------------------------------
Tests run: 1, Failures: 1, Errors: 0, Skipped: 0, Time elapsed: 25.441 s <<< FAILURE! - in vrBank.api.tests.Positive.ApiDefaultPositivePayment
apiDefaultPositivePayment(vrBank.api.tests.Positive.ApiDefaultPositivePayment)  Time elapsed: 25.441 s  <<< FAILURE!
java.lang.AssertionError: 
1 expectation failed.
XML path response[0].status doesn't match.
Expected: OK
  Actual: KO

	at vrBank.api.tests.Positive.ApiDefaultPositivePayment.apiDefaultPositivePayment(ApiDefaultPositivePayment.java:25)

