-------------------------------------------------------------------------------
Test set: vrBank.api.tests.Positive.ApiDefaultPositiveRecurrentPayment
-------------------------------------------------------------------------------
Tests run: 1, Failures: 1, Errors: 0, Skipped: 0, Time elapsed: 25.409 s <<< FAILURE! - in vrBank.api.tests.Positive.ApiDefaultPositiveRecurrentPayment
apiDefaultPositiveRecurrentPayment(vrBank.api.tests.Positive.ApiDefaultPositiveRecurrentPayment)  Time elapsed: 25.409 s  <<< FAILURE!
java.lang.AssertionError: 
1 expectation failed.
XML path response[0].status doesn't match.
Expected: OK
  Actual: KO

	at vrBank.api.tests.Positive.ApiDefaultPositiveRecurrentPayment.apiDefaultPositiveRecurrentPayment(ApiDefaultPositiveRecurrentPayment.java:25)

